INFO  started: Metals version 0.8.0 in workspace '/Users/imamdigmi/Code/scala/example'
INFO  time: initialize in 0.3s
INFO  running '/Library/Java/JavaVirtualMachines/adoptopenjdk-8.jdk/Contents/Home/bin/java -Djline.terminal=jline.UnsupportedTerminal -Dsbt.log.noformat=true -Dfile.encoding=UTF-8 -jar /var/folders/s3/qkwxrnj12r928pzhk_llnqf00000gn/T/metals692979196327795181/sbt-launch.jar set bloopExportJarClassifiers in Global := Some(Set("sources")) bloopInstall'
INFO  skipping build import with status 'Started'
ERROR Getting org.scala-sbt sbt 1.2.8  (this may take some time)...
INFO  downloading https://repo1.maven.org/maven2/org/scala-sbt/sbt/1.2.8/sbt-1.2.8.jar ...
INFO  	[SUCCESSFUL ] org.scala-sbt#sbt;1.2.8!sbt.jar (1313ms)
INFO  downloading https://repo1.maven.org/maven2/org/scala-lang/scala-library/2.12.7/scala-library-2.12.7.jar ...
INFO  	[SUCCESSFUL ] org.scala-lang#scala-library;2.12.7!scala-library.jar (11203ms)
INFO  downloading https://repo1.maven.org/maven2/org/scala-sbt/main_2.12/1.2.8/main_2.12-1.2.8.jar ...
INFO  	[SUCCESSFUL ] org.scala-sbt#main_2.12;1.2.8!main_2.12.jar (2575ms)
INFO  downloading https://repo1.maven.org/maven2/org/scala-sbt/logic_2.12/1.2.8/logic_2.12-1.2.8.jar ...
INFO  	[SUCCESSFUL ] org.scala-sbt#logic_2.12;1.2.8!logic_2.12.jar (900ms)
INFO  downloading https://repo1.maven.org/maven2/org/scala-sbt/actions_2.12/1.2.8/actions_2.12-1.2.8.jar ...
INFO  	[SUCCESSFUL ] org.scala-sbt#actions_2.12;1.2.8!actions_2.12.jar (956ms)
INFO  downloading https://repo1.maven.org/maven2/org/scala-sbt/main-settings_2.12/1.2.8/main-settings_2.12-1.2.8.jar ...
INFO  	[SUCCESSFUL ] org.scala-sbt#main-settings_2.12;1.2.8!main-settings_2.12.jar (1537ms)
INFO  downloading https://repo1.maven.org/maven2/org/scala-sbt/run_2.12/1.2.8/run_2.12-1.2.8.jar ...
INFO  	[SUCCESSFUL ] org.scala-sbt#run_2.12;1.2.8!run_2.12.jar (1197ms)
INFO  downloading https://repo1.maven.org/maven2/org/scala-sbt/command_2.12/1.2.8/command_2.12-1.2.8.jar ...
INFO  	[SUCCESSFUL ] org.scala-sbt#command_2.12;1.2.8!command_2.12.jar (1588ms)
INFO  downloading https://repo1.maven.org/maven2/org/scala-sbt/collections_2.12/1.2.8/collections_2.12-1.2.8.jar ...
INFO  	[SUCCESSFUL ] org.scala-sbt#collections_2.12;1.2.8!collections_2.12.jar (1675ms)
INFO  downloading https://repo1.maven.org/maven2/org/scala-sbt/scripted-sbt-redux_2.12/1.2.8/scripted-sbt-redux_2.12-1.2.8.jar ...
INFO  	[SUCCESSFUL ] org.scala-sbt#scripted-sbt-redux_2.12;1.2.8!scripted-sbt-redux_2.12.jar (878ms)
INFO  downloading https://repo1.maven.org/maven2/org/scala-sbt/scripted-plugin_2.12/1.2.8/scripted-plugin_2.12-1.2.8.jar ...
INFO  	[SUCCESSFUL ] org.scala-sbt#scripted-plugin_2.12;1.2.8!scripted-plugin_2.12.jar (1026ms)
INFO  downloading https://repo1.maven.org/maven2/org/scala-sbt/launcher-interface/1.0.4/launcher-interface-1.0.4.jar ...
INFO  	[SUCCESSFUL ] org.scala-sbt#launcher-interface;1.0.4!launcher-interface.jar (1053ms)
INFO  downloading https://repo1.maven.org/maven2/org/apache/logging/log4j/log4j-api/2.11.1/log4j-api-2.11.1.jar ...
INFO  	[SUCCESSFUL ] org.apache.logging.log4j#log4j-api;2.11.1!log4j-api.jar (1209ms)
INFO  downloading https://repo1.maven.org/maven2/org/apache/logging/log4j/log4j-core/2.11.1/log4j-core-2.11.1.jar ...
INFO  	[SUCCESSFUL ] org.apache.logging.log4j#log4j-core;2.11.1!log4j-core.jar (2987ms)
INFO  downloading https://repo1.maven.org/maven2/org/apache/logging/log4j/log4j-slf4j-impl/2.11.1/log4j-slf4j-impl-2.11.1.jar ...
INFO  	[SUCCESSFUL ] org.apache.logging.log4j#log4j-slf4j-impl;2.11.1!log4j-slf4j-impl.jar (1007ms)
INFO  downloading https://repo1.maven.org/maven2/org/scala-sbt/io_2.12/1.2.2/io_2.12-1.2.2.jar ...
INFO  	[SUCCESSFUL ] org.scala-sbt#io_2.12;1.2.2!io_2.12.jar (1245ms)
INFO  downloading https://repo1.maven.org/maven2/org/scala-sbt/util-logging_2.12/1.2.4/util-logging_2.12-1.2.4.jar ...
INFO  	[SUCCESSFUL ] org.scala-sbt#util-logging_2.12;1.2.4!util-logging_2.12.jar (1334ms)
INFO  downloading https://repo1.maven.org/maven2/org/scala-sbt/librarymanagement-core_2.12/1.2.4/librarymanagement-core_2.12-1.2.4.jar ...
INFO  	[SUCCESSFUL ] org.scala-sbt#librarymanagement-core_2.12;1.2.4!librarymanagement-core_2.12.jar (1847ms)
INFO  downloading https://repo1.maven.org/maven2/org/scala-sbt/librarymanagement-ivy_2.12/1.2.4/librarymanagement-ivy_2.12-1.2.4.jar ...
INFO  	[SUCCESSFUL ] org.scala-sbt#librarymanagement-ivy_2.12;1.2.4!librarymanagement-ivy_2.12.jar (1656ms)
INFO  downloading https://repo1.maven.org/maven2/org/scala-sbt/compiler-interface/1.2.5/compiler-interface-1.2.5.jar ...
INFO  	[SUCCESSFUL ] org.scala-sbt#compiler-interface;1.2.5!compiler-interface.jar (929ms)
INFO  downloading https://repo1.maven.org/maven2/org/scala-sbt/zinc-compile_2.12/1.2.5/zinc-compile_2.12-1.2.5.jar ...
INFO  	[SUCCESSFUL ] org.scala-sbt#zinc-compile_2.12;1.2.5!zinc-compile_2.12.jar (790ms)
INFO  downloading https://repo1.maven.org/maven2/org/scala-sbt/util-relation_2.12/1.2.4/util-relation_2.12-1.2.4.jar ...
INFO  	[SUCCESSFUL ] org.scala-sbt#util-relation_2.12;1.2.4!util-relation_2.12.jar (1243ms)
INFO  downloading https://repo1.maven.org/maven2/org/scala-sbt/util-position_2.12/1.2.4/util-position_2.12-1.2.4.jar ...
INFO  	[SUCCESSFUL ] org.scala-sbt#util-position_2.12;1.2.4!util-position_2.12.jar (935ms)
INFO  downloading https://repo1.maven.org/maven2/com/eed3si9n/sjson-new-core_2.12/0.8.2/sjson-new-core_2.12-0.8.2.jar ...
INFO  	[SUCCESSFUL ] com.eed3si9n#sjson-new-core_2.12;0.8.2!sjson-new-core_2.12.jar (2346ms)
INFO  downloading https://repo1.maven.org/maven2/org/scala-lang/scala-reflect/2.12.7/scala-reflect-2.12.7.jar ...
INFO  	[SUCCESSFUL ] org.scala-lang#scala-reflect;2.12.7!scala-reflect.jar (5680ms)
INFO  downloading https://repo1.maven.org/maven2/org/scala-sbt/completion_2.12/1.2.8/completion_2.12-1.2.8.jar ...
INFO  	[SUCCESSFUL ] org.scala-sbt#completion_2.12;1.2.8!completion_2.12.jar (1737ms)
INFO  downloading https://repo1.maven.org/maven2/org/scala-sbt/task-system_2.12/1.2.8/task-system_2.12-1.2.8.jar ...
INFO  	[SUCCESSFUL ] org.scala-sbt#task-system_2.12;1.2.8!task-system_2.12.jar (1022ms)
INFO  downloading https://repo1.maven.org/maven2/org/scala-sbt/tasks_2.12/1.2.8/tasks_2.12-1.2.8.jar ...
INFO  	[SUCCESSFUL ] org.scala-sbt#tasks_2.12;1.2.8!tasks_2.12.jar (1337ms)
INFO  downloading https://repo1.maven.org/maven2/org/scala-sbt/testing_2.12/1.2.8/testing_2.12-1.2.8.jar ...
INFO  	[SUCCESSFUL ] org.scala-sbt#testing_2.12;1.2.8!testing_2.12.jar (1708ms)
INFO  downloading https://repo1.maven.org/maven2/org/scala-sbt/util-tracking_2.12/1.2.4/util-tracking_2.12-1.2.4.jar ...
INFO  	[SUCCESSFUL ] org.scala-sbt#util-tracking_2.12;1.2.4!util-tracking_2.12.jar (1078ms)
INFO  downloading https://repo1.maven.org/maven2/org/scala-sbt/zinc-classpath_2.12/1.2.5/zinc-classpath_2.12-1.2.5.jar ...
INFO  	[SUCCESSFUL ] org.scala-sbt#zinc-classpath_2.12;1.2.5!zinc-classpath_2.12.jar (1538ms)
INFO  downloading https://repo1.maven.org/maven2/org/scala-sbt/zinc-apiinfo_2.12/1.2.5/zinc-apiinfo_2.12-1.2.5.jar ...
INFO  	[SUCCESSFUL ] org.scala-sbt#zinc-apiinfo_2.12;1.2.5!zinc-apiinfo_2.12.jar (1329ms)
INFO  downloading https://repo1.maven.org/maven2/org/scala-sbt/zinc-ivy-integration_2.12/1.2.5/zinc-ivy-integration_2.12-1.2.5.jar ...
INFO  	[SUCCESSFUL ] org.scala-sbt#zinc-ivy-integration_2.12;1.2.5!zinc-ivy-integration_2.12.jar (920ms)
INFO  downloading https://repo1.maven.org/maven2/org/scala-sbt/zinc_2.12/1.2.5/zinc_2.12-1.2.5.jar ...
INFO  	[SUCCESSFUL ] org.scala-sbt#zinc_2.12;1.2.5!zinc_2.12.jar (913ms)
INFO  downloading https://repo1.maven.org/maven2/org/scala-sbt/util-control_2.12/1.2.4/util-control_2.12-1.2.4.jar ...
INFO  	[SUCCESSFUL ] org.scala-sbt#util-control_2.12;1.2.4!util-control_2.12.jar (1349ms)
INFO  downloading https://repo1.maven.org/maven2/com/swoval/apple-file-events/1.3.2/apple-file-events-1.3.2.jar ...
INFO  	[SUCCESSFUL ] com.swoval#apple-file-events;1.3.2!apple-file-events.jar (1345ms)
INFO  downloading https://repo1.maven.org/maven2/org/scala-sbt/util-interface/1.2.4/util-interface-1.2.4.jar ...
INFO  	[SUCCESSFUL ] org.scala-sbt#util-interface;1.2.4!util-interface.jar (811ms)
INFO  downloading https://repo1.maven.org/maven2/org/scala-sbt/util-cache_2.12/1.2.4/util-cache_2.12-1.2.4.jar ...
INFO  	[SUCCESSFUL ] org.scala-sbt#util-cache_2.12;1.2.4!util-cache_2.12.jar (1956ms)
INFO  downloading https://repo1.maven.org/maven2/com/eed3si9n/sjson-new-murmurhash_2.12/0.8.2/sjson-new-murmurhash_2.12-0.8.2.jar ...
INFO  	[SUCCESSFUL ] com.eed3si9n#sjson-new-murmurhash_2.12;0.8.2!sjson-new-murmurhash_2.12.jar (820ms)
INFO  downloading https://repo1.maven.org/maven2/org/scala-sbt/test-agent/1.2.8/test-agent-1.2.8.jar ...
INFO  	[SUCCESSFUL ] org.scala-sbt#test-agent;1.2.8!test-agent.jar (1093ms)
INFO  downloading https://repo1.maven.org/maven2/org/scala-sbt/compiler-bridge_2.12/1.2.5/compiler-bridge_2.12-1.2.5.jar ...
INFO  	[SUCCESSFUL ] org.scala-sbt#compiler-bridge_2.12;1.2.5!compiler-bridge_2.12.jar (1660ms)
INFO  downloading https://repo1.maven.org/maven2/org/scala-sbt/zinc-classfile_2.12/1.2.5/zinc-classfile_2.12-1.2.5.jar ...
INFO  	[SUCCESSFUL ] org.scala-sbt#zinc-classfile_2.12;1.2.5!zinc-classfile_2.12.jar (1503ms)
INFO  downloading https://repo1.maven.org/maven2/org/scala-lang/scala-compiler/2.12.7/scala-compiler-2.12.7.jar ...
INFO  	[SUCCESSFUL ] org.scala-lang#scala-compiler;2.12.7!scala-compiler.jar (17487ms)
INFO  downloading https://repo1.maven.org/maven2/com/eed3si9n/gigahorse-okhttp_2.12/0.3.0/gigahorse-okhttp_2.12-0.3.0.jar ...
INFO  	[SUCCESSFUL ] com.eed3si9n#gigahorse-okhttp_2.12;0.3.0!gigahorse-okhttp_2.12.jar (873ms)
INFO  downloading https://repo1.maven.org/maven2/com/eed3si9n/gigahorse-core_2.12/0.3.0/gigahorse-core_2.12-0.3.0.jar ...
INFO  	[SUCCESSFUL ] com.eed3si9n#gigahorse-core_2.12;0.3.0!gigahorse-core_2.12.jar (927ms)
INFO  downloading https://repo1.maven.org/maven2/com/squareup/okhttp3/okhttp/3.7.0/okhttp-3.7.0.jar ...
INFO  	[SUCCESSFUL ] com.squareup.okhttp3#okhttp;3.7.0!okhttp.jar (1129ms)
INFO  downloading https://repo1.maven.org/maven2/com/typesafe/ssl-config-core_2.12/0.2.2/ssl-config-core_2.12-0.2.2.jar ...
INFO  	[SUCCESSFUL ] com.typesafe#ssl-config-core_2.12;0.2.2!ssl-config-core_2.12.jar(bundle) (1331ms)
INFO  downloading https://repo1.maven.org/maven2/org/reactivestreams/reactive-streams/1.0.0/reactive-streams-1.0.0.jar ...
INFO  	[SUCCESSFUL ] org.reactivestreams#reactive-streams;1.0.0!reactive-streams.jar (825ms)
INFO  downloading https://repo1.maven.org/maven2/com/typesafe/config/1.2.0/config-1.2.0.jar ...
INFO  	[SUCCESSFUL ] com.typesafe#config;1.2.0!config.jar(bundle) (1642ms)
INFO  downloading https://repo1.maven.org/maven2/com/squareup/okio/okio/1.12.0/okio-1.12.0.jar ...
INFO  	[SUCCESSFUL ] com.squareup.okio#okio;1.12.0!okio.jar (925ms)
INFO  downloading https://repo1.maven.org/maven2/org/scala-sbt/zinc-compile-core_2.12/1.2.5/zinc-compile-core_2.12-1.2.5.jar ...
INFO  	[SUCCESSFUL ] org.scala-sbt#zinc-compile-core_2.12;1.2.5!zinc-compile-core_2.12.jar (3086ms)
INFO  downloading https://repo1.maven.org/maven2/org/scala-lang/modules/scala-parser-combinators_2.12/1.0.5/scala-parser-combinators_2.12-1.0.5.jar ...
INFO  	[SUCCESSFUL ] org.scala-lang.modules#scala-parser-combinators_2.12;1.0.5!scala-parser-combinators_2.12.jar(bundle) (2466ms)
INFO  downloading https://repo1.maven.org/maven2/org/scala-sbt/zinc-core_2.12/1.2.5/zinc-core_2.12-1.2.5.jar ...
INFO  	[SUCCESSFUL ] org.scala-sbt#zinc-core_2.12;1.2.5!zinc-core_2.12.jar (1368ms)
INFO  downloading https://repo1.maven.org/maven2/org/scala-sbt/zinc-persist_2.12/1.2.5/zinc-persist_2.12-1.2.5.jar ...
INFO  	[SUCCESSFUL ] org.scala-sbt#zinc-persist_2.12;1.2.5!zinc-persist_2.12.jar (3064ms)
INFO  downloading https://repo1.maven.org/maven2/com/google/protobuf/protobuf-java/3.3.1/protobuf-java-3.3.1.jar ...
INFO  	[SUCCESSFUL ] com.google.protobuf#protobuf-java;3.3.1!protobuf-java.jar(bundle) (2251ms)
INFO  downloading https://repo1.maven.org/maven2/org/scala-sbt/core-macros_2.12/1.2.8/core-macros_2.12-1.2.8.jar ...
INFO  	[SUCCESSFUL ] org.scala-sbt#core-macros_2.12;1.2.8!core-macros_2.12.jar (1433ms)
INFO  downloading https://repo1.maven.org/maven2/org/scala-sbt/protocol_2.12/1.2.8/protocol_2.12-1.2.8.jar ...
INFO  	[SUCCESSFUL ] org.scala-sbt#protocol_2.12;1.2.8!protocol_2.12.jar (1640ms)
INFO  downloading https://repo1.maven.org/maven2/org/scala-sbt/util-scripted_2.12/1.2.4/util-scripted_2.12-1.2.4.jar ...
INFO  	[SUCCESSFUL ] org.scala-sbt#util-scripted_2.12;1.2.4!util-scripted_2.12.jar (909ms)
INFO  
INFO  :: problems summary ::
INFO  :::: WARNINGS
INFO  		[NOT FOUND  ] org.slf4j#slf4j-api;1.7.25!slf4j-api.jar (0ms)
INFO  
INFO  	==== local-preloaded: tried
INFO  
INFO  	  file:////Users/imamdigmi/.sbt/preloaded/org/slf4j/slf4j-api/1.7.25/slf4j-api-1.7.25.jar
INFO  
INFO  		::::::::::::::::::::::::::::::::::::::::::::::
INFO  
INFO  		::              FAILED DOWNLOADS            ::
INFO  
INFO  		:: ^ see resolution messages for details  ^ ::
INFO  
INFO  		::::::::::::::::::::::::::::::::::::::::::::::
INFO  
INFO  		:: org.slf4j#slf4j-api;1.7.25!slf4j-api.jar
INFO  
INFO  		::::::::::::::::::::::::::::::::::::::::::::::
INFO  
INFO  
INFO  
INFO  :: USE VERBOSE OR DEBUG MESSAGE LEVEL FOR MORE DETAILS
INFO  Error during sbt execution: Error retrieving required libraries
ERROR download failed: org.slf4j#slf4j-api;1.7.25!slf4j-api.jar
ERROR   (see /Users/imamdigmi/.sbt/boot/update.log for complete log)
ERROR Error: Could not retrieve sbt 1.2.8
INFO  build tool exit: 1
INFO  time: ran 'sbt bloopInstall' in 4m26s
ERROR sbt command failed: /Library/Java/JavaVirtualMachines/adoptopenjdk-8.jdk/Contents/Home/bin/java -Djline.terminal=jline.UnsupportedTerminal -Dsbt.log.noformat=true -Dfile.encoding=UTF-8 -jar /var/folders/s3/qkwxrnj12r928pzhk_llnqf00000gn/T/metals692979196327795181/sbt-launch.jar set bloopExportJarClassifiers in Global := Some(Set("sources")) bloopInstall
INFO  running '/Library/Java/JavaVirtualMachines/adoptopenjdk-8.jdk/Contents/Home/bin/java -Djline.terminal=jline.UnsupportedTerminal -Dsbt.log.noformat=true -Dfile.encoding=UTF-8 -jar /var/folders/s3/qkwxrnj12r928pzhk_llnqf00000gn/T/metals3755834809600346788/sbt-launch.jar set bloopExportJarClassifiers in Global := Some(Set("sources")) bloopInstall'
ERROR Getting org.scala-sbt sbt 1.2.8  (this may take some time)...
INFO  downloading https://repo1.maven.org/maven2/org/slf4j/slf4j-api/1.7.25/slf4j-api-1.7.25.jar ...
INFO  	[SUCCESSFUL ] org.slf4j#slf4j-api;1.7.25!slf4j-api.jar (2418ms)
INFO  :: retrieving :: org.scala-sbt#boot-app
INFO  	confs: [default]
INFO  	80 artifacts copied, 0 already retrieved (28561kB/108ms)
ERROR Getting Scala 2.12.7 (for sbt)...
INFO  :: retrieving :: org.scala-sbt#boot-scala
INFO  	confs: [default]
INFO  	5 artifacts copied, 0 already retrieved (19715kB/22ms)
INFO  user cancelled build import
INFO  time: ran 'sbt bloopInstall' in 4.43s
INFO  build tool exit: 143
INFO  running '/Library/Java/JavaVirtualMachines/adoptopenjdk-8.jdk/Contents/Home/bin/java -Djline.terminal=jline.UnsupportedTerminal -Dsbt.log.noformat=true -Dfile.encoding=UTF-8 -jar /var/folders/s3/qkwxrnj12r928pzhk_llnqf00000gn/T/metals2300476811589645428/sbt-launch.jar set bloopExportJarClassifiers in Global := Some(Set("sources")) bloopInstall'
INFO  [info] Loading settings for project example-build from plugins.sbt,metals.sbt,buildSettings.sbt ...
INFO  [info] Loading project definition from /Users/imamdigmi/Code/scala/example/project
INFO  [info] Updating ProjectRef(uri("file:/Users/imamdigmi/Code/scala/example/project/"), "example-build")...
Feb 21, 2020 12:47:43 AM org.eclipse.lsp4j.jsonrpc.services.GenericEndpoint notify
INFO: Unsupported notification method: $/setTraceNotification
Feb 21, 2020 12:47:54 AM org.eclipse.lsp4j.jsonrpc.services.GenericEndpoint notify
INFO: Unsupported notification method: $/setTraceNotification
INFO  user cancelled build import
INFO  time: ran 'sbt bloopInstall' in 1m58s
INFO  build tool exit: 143
WARN  no build target for: /Users/imamdigmi/Code/scala/example/src/main/scala/example/Lists.scala
INFO  no build target: using presentation compiler with only scala-library
INFO  running '/Library/Java/JavaVirtualMachines/adoptopenjdk-8.jdk/Contents/Home/bin/java -Djline.terminal=jline.UnsupportedTerminal -Dsbt.log.noformat=true -Dfile.encoding=UTF-8 -jar /var/folders/s3/qkwxrnj12r928pzhk_llnqf00000gn/T/metals5362696053058054850/sbt-launch.jar set bloopExportJarClassifiers in Global := Some(Set("sources")) bloopInstall'
INFO  [info] Loading settings for project example-build from plugins.sbt,metals.sbt,buildSettings.sbt ...
INFO  [info] Loading project definition from /Users/imamdigmi/Code/scala/example/project
INFO  [info] Updating ProjectRef(uri("file:/Users/imamdigmi/Code/scala/example/project/"), "example-build")...
INFO  [info] downloading https://repo1.maven.org/maven2/commons-codec/commons-codec/1.10/commons-codec-1.10.jar ...
INFO  [info] downloading https://repo1.maven.org/maven2/org/scalaj/scalaj-http_2.12/2.3.0/scalaj-http_2.12-2.3.0.jar ...
INFO  [info] downloading https://repo1.maven.org/maven2/com/typesafe/play/play-json_2.12/2.6.9/play-json_2.12-2.6.9.jar ...
INFO  [info] downloading https://repo1.maven.org/maven2/io/get-coursier/sbt-coursier_2.12_1.0/2.0.0-RC3-5/sbt-coursier-2.0.0-RC3-5.jar ...
INFO  [info] 	[SUCCESSFUL ] org.scalaj#scalaj-http_2.12;2.3.0!scalaj-http_2.12.jar (2576ms)
INFO  [info] 	[SUCCESSFUL ] commons-codec#commons-codec;1.10!commons-codec.jar (2987ms)
INFO  [info] 	[SUCCESSFUL ] io.get-coursier#sbt-coursier;2.0.0-RC3-5!sbt-coursier.jar (2368ms)
INFO  [info] downloading https://repo1.maven.org/maven2/ch/epfl/scala/sbt-bloop_2.12_1.0/1.4.0-RC1/sbt-bloop-1.4.0-RC1.jar ...
INFO  [info] downloading https://repo1.maven.org/maven2/io/get-coursier/sbt-coursier-shared_2.12_1.0/2.0.0-RC3-5/sbt-coursier-shared-2.0.0-RC3-5.jar ...
INFO  [info] 	[SUCCESSFUL ] io.get-coursier#sbt-coursier-shared;2.0.0-RC3-5!sbt-coursier-shared.jar (1544ms)
INFO  [info] 	[SUCCESSFUL ] com.typesafe.play#play-json_2.12;2.6.9!play-json_2.12.jar (5354ms)
INFO  [info] downloading https://repo1.maven.org/maven2/io/get-coursier/lm-coursier_2.12/2.0.0-RC3-5/lm-coursier_2.12-2.0.0-RC3-5.jar ...
INFO  [info] downloading https://repo1.maven.org/maven2/io/get-coursier/coursier_2.12/2.0.0-RC3-4/coursier_2.12-2.0.0-RC3-4.jar ...
INFO  [info] downloading https://repo1.maven.org/maven2/ch/epfl/scala/sbt-scalafix_2.12_1.0/0.9.7/sbt-scalafix-0.9.7.jar ...
INFO  [info] 	[SUCCESSFUL ] ch.epfl.scala#sbt-scalafix;0.9.7!sbt-scalafix.jar (2372ms)
INFO  [info] 	[SUCCESSFUL ] io.get-coursier#coursier_2.12;2.0.0-RC3-4!coursier_2.12.jar (2971ms)
INFO  [info] 	[SUCCESSFUL ] io.get-coursier#lm-coursier_2.12;2.0.0-RC3-5!lm-coursier_2.12.jar (3920ms)
INFO  [info] downloading https://repo1.maven.org/maven2/io/get-coursier/coursier-core_2.12/2.0.0-RC3-4/coursier-core_2.12-2.0.0-RC3-4.jar ...
INFO  [info] downloading https://repo1.maven.org/maven2/com/github/alexarchambault/argonaut-shapeless_6.2_2.12/1.2.0-M11/argonaut-shapeless_6.2_2.12-1.2.0-M11.jar ...
INFO  [info] downloading https://repo1.maven.org/maven2/io/get-coursier/coursier-util_2.12/2.0.0-RC3-4/coursier-util_2.12-2.0.0-RC3-4.jar ...
INFO  [info] downloading https://repo1.maven.org/maven2/io/argonaut/argonaut_2.12/6.2.3/argonaut_2.12-6.2.3.jar ...
INFO  [info] downloading https://repo1.maven.org/maven2/io/get-coursier/coursier-cache_2.12/2.0.0-RC3-4/coursier-cache_2.12-2.0.0-RC3-4.jar ...
INFO  [info] 	[SUCCESSFUL ] com.github.alexarchambault#argonaut-shapeless_6.2_2.12;1.2.0-M11!argonaut-shapeless_6.2_2.12.jar (2367ms)
INFO  [info] 	[SUCCESSFUL ] io.get-coursier#coursier-core_2.12;2.0.0-RC3-4!coursier-core_2.12.jar (3624ms)
INFO  [info] 	[SUCCESSFUL ] io.get-coursier#coursier-util_2.12;2.0.0-RC3-4!coursier-util_2.12.jar (4324ms)
INFO  [info] 	[SUCCESSFUL ] io.get-coursier#coursier-cache_2.12;2.0.0-RC3-4!coursier-cache_2.12.jar (4122ms)
INFO  [info] 	[SUCCESSFUL ] io.argonaut#argonaut_2.12;6.2.3!argonaut_2.12.jar (4836ms)
INFO  [info] downloading https://repo1.maven.org/maven2/com/chuusai/shapeless_2.12/2.3.3/shapeless_2.12-2.3.3.jar ...
INFO  [info] downloading https://repo1.maven.org/maven2/org/scala-sbt/io_2.12/1.2.1/io_2.12-1.2.1.jar ...
INFO  [info] downloading https://repo1.maven.org/maven2/org/typelevel/macro-compat_2.12/1.1.1/macro-compat_2.12-1.1.1.jar ...
INFO  [info] downloading https://repo1.maven.org/maven2/org/scala-sbt/launcher-interface/1.0.0/launcher-interface-1.0.0.jar ...
INFO  [info] downloading https://repo1.maven.org/maven2/org/scala-sbt/util-logging_2.12/1.2.2/util-logging_2.12-1.2.2.jar ...
INFO  [info] 	[SUCCESSFUL ] org.typelevel#macro-compat_2.12;1.1.1!macro-compat_2.12.jar (1860ms)
INFO  [info] 	[SUCCESSFUL ] org.scala-sbt#launcher-interface;1.0.0!launcher-interface.jar (1862ms)
INFO  [info] 	[SUCCESSFUL ] org.scala-sbt#io_2.12;1.2.1!io_2.12.jar (4106ms)
INFO  [info] 	[SUCCESSFUL ] org.scala-sbt#util-logging_2.12;1.2.2!util-logging_2.12.jar (2688ms)
INFO  [info] downloading https://repo1.maven.org/maven2/org/scala-sbt/util-position_2.12/1.2.2/util-position_2.12-1.2.2.jar ...
INFO  [info] 	[SUCCESSFUL ] ch.epfl.scala#sbt-bloop;1.4.0-RC1!sbt-bloop.jar (21752ms)
INFO  [info] 	[SUCCESSFUL ] org.scala-sbt#util-position_2.12;1.2.2!util-position_2.12.jar (1029ms)
INFO  [info] downloading https://repo1.maven.org/maven2/org/scala-sbt/util-interface/1.2.2/util-interface-1.2.2.jar ...
INFO  [info] downloading https://repo1.maven.org/maven2/org/scala-sbt/util-cache_2.12/1.2.2/util-cache_2.12-1.2.2.jar ...
INFO  [info] downloading https://repo1.maven.org/maven2/org/scala-lang/modules/scala-parser-combinators_2.12/1.0.4/scala-parser-combinators_2.12-1.0.4.jar ...
INFO  [info] 	[SUCCESSFUL ] com.chuusai#shapeless_2.12;2.3.3!shapeless_2.12.jar(bundle) (9067ms)
INFO  [info] 	[SUCCESSFUL ] org.scala-sbt#util-interface;1.2.2!util-interface.jar (1762ms)
INFO  [info] 	[SUCCESSFUL ] org.scala-lang.modules#scala-parser-combinators_2.12;1.0.4!scala-parser-combinators_2.12.jar(bundle) (1443ms)
INFO  [info] 	[SUCCESSFUL ] org.scala-sbt#util-cache_2.12;1.2.2!util-cache_2.12.jar (2575ms)
INFO  [info] downloading https://repo1.maven.org/maven2/jline/jline/2.14.4/jline-2.14.4.jar ...
INFO  [info] downloading https://repo1.maven.org/maven2/org/apache/logging/log4j/log4j-core/2.8.1/log4j-core-2.8.1.jar ...
INFO  [info] downloading https://repo1.maven.org/maven2/org/eclipse/jgit/org.eclipse.jgit/4.9.0.201710071750-r/org.eclipse.jgit-4.9.0.201710071750-r.jar ...
INFO  [info] downloading https://repo1.maven.org/maven2/ch/epfl/scala/scalafix-interfaces/0.9.7/scalafix-interfaces-0.9.7.jar ...
INFO  [info] downloading https://repo1.maven.org/maven2/com/lmax/disruptor/3.3.6/disruptor-3.3.6.jar ...
INFO  [info] downloading https://repo1.maven.org/maven2/org/apache/logging/log4j/log4j-api/2.8.1/log4j-api-2.8.1.jar ...
INFO  [info] 	[SUCCESSFUL ] ch.epfl.scala#scalafix-interfaces;0.9.7!scalafix-interfaces.jar (1755ms)
INFO  [info] 	[SUCCESSFUL ] jline#jline;2.14.4!jline.jar (2782ms)
INFO  [info] 	[SUCCESSFUL ] com.lmax#disruptor;3.3.6!disruptor.jar (1956ms)
INFO  [info] 	[SUCCESSFUL ] org.apache.logging.log4j#log4j-api;2.8.1!log4j-api.jar (2903ms)
INFO  [info] 	[SUCCESSFUL ] org.eclipse.jgit#org.eclipse.jgit;4.9.0.201710071750-r!org.eclipse.jgit.jar (5157ms)
INFO  [info] downloading https://repo1.maven.org/maven2/com/geirsson/coursier-small_2.12/1.3.3/coursier-small_2.12-1.3.3.jar ...
INFO  [info] downloading https://repo1.maven.org/maven2/org/apache/httpcomponents/httpcore/4.3.3/httpcore-4.3.3.jar ...
INFO  [info] downloading https://repo1.maven.org/maven2/com/googlecode/javaewah/JavaEWAH/1.1.6/JavaEWAH-1.1.6.jar ...
INFO  [info] downloading https://repo1.maven.org/maven2/org/apache/httpcomponents/httpclient/4.3.6/httpclient-4.3.6.jar ...
INFO  [info] downloading https://repo1.maven.org/maven2/commons-logging/commons-logging/1.1.3/commons-logging-1.1.3.jar ...
INFO  [info] 	[SUCCESSFUL ] com.googlecode.javaewah#JavaEWAH;1.1.6!JavaEWAH.jar(bundle) (3098ms)
INFO  [info] downloading https://repo1.maven.org/maven2/com/google/code/gson/gson/2.7/gson-2.7.jar ...
INFO  [info] 	[SUCCESSFUL ] org.apache.httpcomponents#httpcore;4.3.3!httpcore.jar (3099ms)
INFO  [info] downloading https://repo1.maven.org/maven2/com/google/code/findbugs/jsr305/3.0.2/jsr305-3.0.2.jar ...
INFO  [info] 	[SUCCESSFUL ] org.apache.logging.log4j#log4j-core;2.8.1!log4j-core.jar (10916ms)
INFO  [info] downloading https://repo1.maven.org/maven2/com/typesafe/play/play-functional_2.12/2.6.9/play-functional_2.12-2.6.9.jar ...
INFO  [info] 	[SUCCESSFUL ] commons-logging#commons-logging;1.1.3!commons-logging.jar (2482ms)
INFO  [info] downloading https://repo1.maven.org/maven2/joda-time/joda-time/2.9.9/joda-time-2.9.9.jar ...
INFO  [info] 	[SUCCESSFUL ] com.google.code.findbugs#jsr305;3.0.2!jsr305.jar (1136ms)
INFO  [info] downloading https://repo1.maven.org/maven2/com/fasterxml/jackson/core/jackson-core/2.8.9/jackson-core-2.8.9.jar ...
INFO  [info] 	[SUCCESSFUL ] com.google.code.gson#gson;2.7!gson.jar (1443ms)
INFO  [info] downloading https://repo1.maven.org/maven2/com/fasterxml/jackson/core/jackson-annotations/2.8.9/jackson-annotations-2.8.9.jar ...
INFO  [info] 	[SUCCESSFUL ] org.apache.httpcomponents#httpclient;4.3.6!httpclient.jar (4343ms)
INFO  [info] downloading https://repo1.maven.org/maven2/com/fasterxml/jackson/core/jackson-databind/2.8.9/jackson-databind-2.8.9.jar ...
INFO  [info] 	[SUCCESSFUL ] com.typesafe.play#play-functional_2.12;2.6.9!play-functional_2.12.jar (1766ms)
INFO  [info] downloading https://repo1.maven.org/maven2/com/fasterxml/jackson/datatype/jackson-datatype-jdk8/2.8.9/jackson-datatype-jdk8-2.8.9.jar ...
INFO  [info] 	[SUCCESSFUL ] com.fasterxml.jackson.core#jackson-annotations;2.8.9!jackson-annotations.jar(bundle) (1117ms)
INFO  [info] downloading https://repo1.maven.org/maven2/com/fasterxml/jackson/datatype/jackson-datatype-jsr310/2.8.9/jackson-datatype-jsr310-2.8.9.jar ...
INFO  [info] 	[SUCCESSFUL ] com.fasterxml.jackson.datatype#jackson-datatype-jdk8;2.8.9!jackson-datatype-jdk8.jar(bundle) (1098ms)
INFO  [info] downloading https://repo1.maven.org/maven2/com/novocode/junit-interface/0.11/junit-interface-0.11.jar ...
INFO  [info] 	[SUCCESSFUL ] com.fasterxml.jackson.core#jackson-core;2.8.9!jackson-core.jar(bundle) (2653ms)
INFO  [info] downloading https://repo1.maven.org/maven2/junit/junit/4.11/junit-4.11.jar ...
INFO  [info] 	[SUCCESSFUL ] joda-time#joda-time;2.9.9!joda-time.jar (3075ms)
INFO  [info] downloading https://repo1.maven.org/maven2/org/hamcrest/hamcrest-core/1.3/hamcrest-core-1.3.jar ...
INFO  [info] 	[SUCCESSFUL ] com.geirsson#coursier-small_2.12;1.3.3!coursier-small_2.12.jar (7519ms)
INFO  [info] 	[SUCCESSFUL ] com.fasterxml.jackson.datatype#jackson-datatype-jsr310;2.8.9!jackson-datatype-jsr310.jar(bundle) (1538ms)
INFO  [info] 	[SUCCESSFUL ] com.novocode#junit-interface;0.11!junit-interface.jar (1140ms)
INFO  [info] 	[SUCCESSFUL ] org.hamcrest#hamcrest-core;1.3!hamcrest-core.jar (918ms)
INFO  [info] 	[SUCCESSFUL ] junit#junit;4.11!junit.jar (1233ms)
INFO  [info] downloading https://repo1.maven.org/maven2/org/apache/logging/log4j/log4j-core/2.11.1/log4j-core-2.11.1-tests.jar ...
INFO  [info] 	[SUCCESSFUL ] com.fasterxml.jackson.core#jackson-databind;2.8.9!jackson-databind.jar(bundle) (7886ms)
INFO  [info] 	[SUCCESSFUL ] org.apache.logging.log4j#log4j-core;2.11.1!log4j-core.jar(test-jar) (4634ms)
INFO  [info] Done updating.
INFO  [warn] There may be incompatibilities among your library dependencies; run 'evicted' to see detailed eviction warnings.
INFO  [info] Compiling 2 Scala sources to /Users/imamdigmi/Code/scala/example/project/target/scala-2.12/sbt-1.0/classes ...
INFO  [info] Non-compiled module 'compiler-bridge_2.12' for Scala 2.12.7. Compiling...
INFO  [info]   Compilation completed in 6.219s.
INFO  [info] Done compiling.
INFO  [info] Loading settings for project example from assignment.sbt,build.sbt ...
INFO  [info] Set current project to progfun1-example (in build file:/Users/imamdigmi/Code/scala/example/)
INFO  [info] Defining Global / bloopExportJarClassifiers
INFO  [info] The new value will be used by ThisBuild / bloopExportJarClassifiers
INFO  [info] Reapplying settings...
INFO  [info] Set current project to progfun1-example (in build file:/Users/imamdigmi/Code/scala/example/)
ERROR Downloading https://repo1.maven.org/maven2/org/scala-lang/scala-library/2.13.0/scala-library-2.13.0.pom
ERROR Downloading https://repo1.maven.org/maven2/com/novocode/junit-interface/0.11/junit-interface-0.11.pom
ERROR Downloaded https://repo1.maven.org/maven2/com/novocode/junit-interface/0.11/junit-interface-0.11.pom
ERROR Downloaded https://repo1.maven.org/maven2/org/scala-lang/scala-library/2.13.0/scala-library-2.13.0.pom
ERROR Downloading https://repo1.maven.org/maven2/junit/junit/4.11/junit-4.11.pom
ERROR Downloading https://repo1.maven.org/maven2/org/scala-sbt/test-interface/1.0/test-interface-1.0.pom
ERROR Downloaded https://repo1.maven.org/maven2/junit/junit/4.11/junit-4.11.pom
ERROR Downloaded https://repo1.maven.org/maven2/org/scala-sbt/test-interface/1.0/test-interface-1.0.pom
ERROR Downloading https://repo1.maven.org/maven2/org/hamcrest/hamcrest-core/1.3/hamcrest-core-1.3.pom
ERROR Downloaded https://repo1.maven.org/maven2/org/hamcrest/hamcrest-core/1.3/hamcrest-core-1.3.pom
ERROR Downloading https://repo1.maven.org/maven2/org/hamcrest/hamcrest-parent/1.3/hamcrest-parent-1.3.pom
ERROR Downloaded https://repo1.maven.org/maven2/org/hamcrest/hamcrest-parent/1.3/hamcrest-parent-1.3.pom
ERROR Downloading https://repo1.maven.org/maven2/org/scala-lang/scala-compiler/2.13.0/scala-compiler-2.13.0.pom
ERROR Downloaded https://repo1.maven.org/maven2/org/scala-lang/scala-compiler/2.13.0/scala-compiler-2.13.0.pom
ERROR Downloading https://repo1.maven.org/maven2/org/scala-lang/scala-reflect/2.13.0/scala-reflect-2.13.0.pom
ERROR Downloaded https://repo1.maven.org/maven2/org/scala-lang/scala-reflect/2.13.0/scala-reflect-2.13.0.pom
ERROR Downloading https://repo1.maven.org/maven2/org/hamcrest/hamcrest-core/1.3/hamcrest-core-1.3-sources.jar
ERROR Downloading https://repo1.maven.org/maven2/org/hamcrest/hamcrest-core/1.3/hamcrest-core-1.3-javadoc.jar
ERROR Downloading https://repo1.maven.org/maven2/org/scala-lang/scala-library/2.13.0/scala-library-2.13.0-javadoc.jar
ERROR Downloading https://repo1.maven.org/maven2/org/scala-lang/scala-library/2.13.0/scala-library-2.13.0-sources.jar
ERROR Downloading https://repo1.maven.org/maven2/org/scala-sbt/test-interface/1.0/test-interface-1.0-javadoc.jar
ERROR Downloading https://repo1.maven.org/maven2/com/novocode/junit-interface/0.11/junit-interface-0.11-sources.jar
ERROR Downloaded https://repo1.maven.org/maven2/org/hamcrest/hamcrest-core/1.3/hamcrest-core-1.3-sources.jar
ERROR Downloading https://repo1.maven.org/maven2/org/scala-lang/scala-compiler/2.13.0/scala-compiler-2.13.0-sources.jar
ERROR Downloaded https://repo1.maven.org/maven2/com/novocode/junit-interface/0.11/junit-interface-0.11-sources.jar
ERROR Downloading https://repo1.maven.org/maven2/org/scala-lang/scala-reflect/2.13.0/scala-reflect-2.13.0-sources.jar
ERROR Downloaded https://repo1.maven.org/maven2/org/scala-sbt/test-interface/1.0/test-interface-1.0-javadoc.jar
ERROR Downloading https://repo1.maven.org/maven2/com/novocode/junit-interface/0.11/junit-interface-0.11-javadoc.jar
ERROR Downloaded https://repo1.maven.org/maven2/org/hamcrest/hamcrest-core/1.3/hamcrest-core-1.3-javadoc.jar
ERROR Downloading https://repo1.maven.org/maven2/jline/jline/2.14.6/jline-2.14.6-sources.jar
ERROR Downloaded https://repo1.maven.org/maven2/org/scala-lang/scala-reflect/2.13.0/scala-reflect-2.13.0-sources.jar
ERROR Downloading https://repo1.maven.org/maven2/junit/junit/4.11/junit-4.11-sources.jar
ERROR Downloaded https://repo1.maven.org/maven2/junit/junit/4.11/junit-4.11-sources.jar
ERROR Downloading https://repo1.maven.org/maven2/org/scala-lang/scala-reflect/2.13.0/scala-reflect-2.13.0-javadoc.jar
ERROR Downloaded https://repo1.maven.org/maven2/jline/jline/2.14.6/jline-2.14.6-sources.jar
ERROR Downloading https://repo1.maven.org/maven2/jline/jline/2.14.6/jline-2.14.6-javadoc.jar
ERROR Downloaded https://repo1.maven.org/maven2/com/novocode/junit-interface/0.11/junit-interface-0.11-javadoc.jar
ERROR Downloading https://repo1.maven.org/maven2/org/scala-lang/scala-compiler/2.13.0/scala-compiler-2.13.0-javadoc.jar
ERROR Downloaded https://repo1.maven.org/maven2/jline/jline/2.14.6/jline-2.14.6-javadoc.jar
ERROR Downloading https://repo1.maven.org/maven2/junit/junit/4.11/junit-4.11-javadoc.jar
ERROR Downloaded https://repo1.maven.org/maven2/org/scala-lang/scala-library/2.13.0/scala-library-2.13.0-sources.jar
ERROR Downloading https://repo1.maven.org/maven2/org/scala-sbt/test-interface/1.0/test-interface-1.0-sources.jar
ERROR Downloaded https://repo1.maven.org/maven2/junit/junit/4.11/junit-4.11-javadoc.jar
ERROR Downloaded https://repo1.maven.org/maven2/org/scala-sbt/test-interface/1.0/test-interface-1.0-sources.jar
ERROR Downloaded https://repo1.maven.org/maven2/org/scala-lang/scala-compiler/2.13.0/scala-compiler-2.13.0-sources.jar
ERROR Downloaded https://repo1.maven.org/maven2/org/scala-lang/scala-reflect/2.13.0/scala-reflect-2.13.0-javadoc.jar
ERROR Still downloading:
ERROR https://repo1.maven.org/maven2/org/scala-lang/scala-compiler/2.13.0/scala-compiler-2.13.0-javadoc.jar (13.05 %, 2277376 / 17446369)
ERROR https://repo1.maven.org/maven2/org/scala-lang/scala-library/2.13.0/scala-library-2.13.0-javadoc.jar (10.28 %, 2853756 / 27767242)
ERROR 
ERROR Still downloading:
ERROR https://repo1.maven.org/maven2/org/scala-lang/scala-compiler/2.13.0/scala-compiler-2.13.0-javadoc.jar (26.17 %, 4565245 / 17446369)
ERROR https://repo1.maven.org/maven2/org/scala-lang/scala-library/2.13.0/scala-library-2.13.0-javadoc.jar (13.82 %, 3836604 / 27767242)
ERROR 
ERROR Still downloading:
ERROR https://repo1.maven.org/maven2/org/scala-lang/scala-compiler/2.13.0/scala-compiler-2.13.0-javadoc.jar (40.06 %, 6988285 / 17446369)
ERROR https://repo1.maven.org/maven2/org/scala-lang/scala-library/2.13.0/scala-library-2.13.0-javadoc.jar (19.34 %, 5368956 / 27767242)
ERROR 
ERROR Still downloading:
ERROR https://repo1.maven.org/maven2/org/scala-lang/scala-compiler/2.13.0/scala-compiler-2.13.0-javadoc.jar (48.41 %, 8446461 / 17446369)
ERROR https://repo1.maven.org/maven2/org/scala-lang/scala-library/2.13.0/scala-library-2.13.0-javadoc.jar (23.97 %, 6655548 / 27767242)
ERROR 
WARN  no build target for: /Users/imamdigmi/Code/scala/example/src/test/scala/example/ListsSuite.scala
ERROR Still downloading:
ERROR https://repo1.maven.org/maven2/org/scala-lang/scala-compiler/2.13.0/scala-compiler-2.13.0-javadoc.jar (55.27 %, 9642493 / 17446369)
ERROR https://repo1.maven.org/maven2/org/scala-lang/scala-library/2.13.0/scala-library-2.13.0-javadoc.jar (29.02 %, 8056828 / 27767242)
ERROR 
ERROR Still downloading:
ERROR https://repo1.maven.org/maven2/org/scala-lang/scala-compiler/2.13.0/scala-compiler-2.13.0-javadoc.jar (58.46 %, 10199549 / 17446369)
ERROR https://repo1.maven.org/maven2/org/scala-lang/scala-library/2.13.0/scala-library-2.13.0-javadoc.jar (33.48 %, 9295548 / 27767242)
ERROR 
ERROR Still downloading:
ERROR https://repo1.maven.org/maven2/org/scala-lang/scala-compiler/2.13.0/scala-compiler-2.13.0-javadoc.jar (63.06 %, 11002365 / 17446369)
ERROR https://repo1.maven.org/maven2/org/scala-lang/scala-library/2.13.0/scala-library-2.13.0-javadoc.jar (36.98 %, 10268348 / 27767242)
ERROR 
ERROR Still downloading:
ERROR https://repo1.maven.org/maven2/org/scala-lang/scala-compiler/2.13.0/scala-compiler-2.13.0-javadoc.jar (66.54 %, 11608573 / 17446369)
ERROR https://repo1.maven.org/maven2/org/scala-lang/scala-library/2.13.0/scala-library-2.13.0-javadoc.jar (39.53 %, 10975292 / 27767242)
ERROR 
ERROR Still downloading:
ERROR https://repo1.maven.org/maven2/org/scala-lang/scala-compiler/2.13.0/scala-compiler-2.13.0-javadoc.jar (71.33 %, 12444157 / 17446369)
ERROR https://repo1.maven.org/maven2/org/scala-lang/scala-library/2.13.0/scala-library-2.13.0-javadoc.jar (43.04 %, 11950652 / 27767242)
ERROR 
ERROR Still downloading:
ERROR https://repo1.maven.org/maven2/org/scala-lang/scala-compiler/2.13.0/scala-compiler-2.13.0-javadoc.jar (81.47 %, 14213629 / 17446369)
ERROR https://repo1.maven.org/maven2/org/scala-lang/scala-library/2.13.0/scala-library-2.13.0-javadoc.jar (47.44 %, 13171708 / 27767242)
ERROR 
ERROR Still downloading:
ERROR https://repo1.maven.org/maven2/org/scala-lang/scala-compiler/2.13.0/scala-compiler-2.13.0-javadoc.jar (97.81 %, 17064445 / 17446369)
ERROR https://repo1.maven.org/maven2/org/scala-lang/scala-library/2.13.0/scala-library-2.13.0-javadoc.jar (51.58 %, 14320956 / 27767242)
ERROR 
ERROR Downloaded https://repo1.maven.org/maven2/org/scala-lang/scala-compiler/2.13.0/scala-compiler-2.13.0-javadoc.jar
ERROR Still downloading:
ERROR https://repo1.maven.org/maven2/org/scala-lang/scala-library/2.13.0/scala-library-2.13.0-javadoc.jar (55.76 %, 15482812 / 27767242)
ERROR 
ERROR Still downloading:
ERROR https://repo1.maven.org/maven2/org/scala-lang/scala-library/2.13.0/scala-library-2.13.0-javadoc.jar (59.05 %, 16396412 / 27767242)
ERROR 
ERROR Still downloading:
ERROR https://repo1.maven.org/maven2/org/scala-lang/scala-library/2.13.0/scala-library-2.13.0-javadoc.jar (64.20 %, 17826684 / 27767242)
ERROR 
ERROR Still downloading:
ERROR https://repo1.maven.org/maven2/org/scala-lang/scala-library/2.13.0/scala-library-2.13.0-javadoc.jar (68.04 %, 18894076 / 27767242)
ERROR 
ERROR Still downloading:
ERROR https://repo1.maven.org/maven2/org/scala-lang/scala-library/2.13.0/scala-library-2.13.0-javadoc.jar (71.95 %, 19979004 / 27767242)
ERROR 
ERROR Still downloading:
ERROR https://repo1.maven.org/maven2/org/scala-lang/scala-library/2.13.0/scala-library-2.13.0-javadoc.jar (74.84 %, 20781756 / 27767242)
ERROR 
WARN  no build target for: /Users/imamdigmi/Code/scala/example/src/test/scala/example/ListsSuite.scala
ERROR Still downloading:
ERROR https://repo1.maven.org/maven2/org/scala-lang/scala-library/2.13.0/scala-library-2.13.0-javadoc.jar (78.26 %, 21729340 / 27767242)
ERROR 
ERROR Still downloading:
ERROR https://repo1.maven.org/maven2/org/scala-lang/scala-library/2.13.0/scala-library-2.13.0-javadoc.jar (82.16 %, 22813052 / 27767242)
ERROR 
ERROR Still downloading:
ERROR https://repo1.maven.org/maven2/org/scala-lang/scala-library/2.13.0/scala-library-2.13.0-javadoc.jar (91.31 %, 25353468 / 27767242)
ERROR 
ERROR Still downloading:
ERROR https://repo1.maven.org/maven2/org/scala-lang/scala-library/2.13.0/scala-library-2.13.0-javadoc.jar (98.81 %, 27437756 / 27767242)
ERROR 
ERROR Downloaded https://repo1.maven.org/maven2/org/scala-lang/scala-library/2.13.0/scala-library-2.13.0-javadoc.jar
ERROR Downloading https://repo1.maven.org/maven2/org/hamcrest/hamcrest-core/1.3/hamcrest-core-1.3.jar
ERROR Downloading https://repo1.maven.org/maven2/com/novocode/junit-interface/0.11/junit-interface-0.11.jar
ERROR Downloading https://repo1.maven.org/maven2/org/scala-lang/scala-compiler/2.13.0/scala-compiler-2.13.0.jar
ERROR Downloading https://repo1.maven.org/maven2/org/scala-lang/scala-reflect/2.13.0/scala-reflect-2.13.0.jar
ERROR Downloading https://repo1.maven.org/maven2/junit/junit/4.11/junit-4.11.jar
ERROR Downloading https://repo1.maven.org/maven2/org/scala-lang/scala-library/2.13.0/scala-library-2.13.0.jar
WARN  no build target for: /Users/imamdigmi/Code/scala/example/src/test/scala/example/ListsSuite.scala
ERROR Downloaded https://repo1.maven.org/maven2/junit/junit/4.11/junit-4.11.jar
ERROR Downloaded https://repo1.maven.org/maven2/com/novocode/junit-interface/0.11/junit-interface-0.11.jar
ERROR Downloaded https://repo1.maven.org/maven2/org/hamcrest/hamcrest-core/1.3/hamcrest-core-1.3.jar
ERROR Still downloading:
ERROR https://repo1.maven.org/maven2/org/scala-lang/scala-compiler/2.13.0/scala-compiler-2.13.0.jar (37.64 %, 3973842 / 10556580)
ERROR https://repo1.maven.org/maven2/org/scala-lang/scala-reflect/2.13.0/scala-reflect-2.13.0.jar (35.70 %, 1279807 / 3584783)
ERROR https://repo1.maven.org/maven2/org/scala-lang/scala-library/2.13.0/scala-library-2.13.0.jar (19.82 %, 1128575 / 5693401)
ERROR 
Feb 21, 2020 12:56:04 AM org.eclipse.lsp4j.jsonrpc.services.GenericEndpoint notify
INFO: Unsupported notification method: $/setTraceNotification
ERROR Still downloading:
ERROR https://repo1.maven.org/maven2/org/scala-lang/scala-reflect/2.13.0/scala-reflect-2.13.0.jar (71.49 %, 2562623 / 3584783)
ERROR https://repo1.maven.org/maven2/org/scala-lang/scala-compiler/2.13.0/scala-compiler-2.13.0.jar (68.84 %, 7267026 / 10556580)
ERROR https://repo1.maven.org/maven2/org/scala-lang/scala-library/2.13.0/scala-library-2.13.0.jar (40.52 %, 2306815 / 5693401)
ERROR 
Feb 21, 2020 12:56:08 AM org.eclipse.lsp4j.jsonrpc.services.GenericEndpoint notify
INFO: Unsupported notification method: $/setTraceNotification
ERROR Downloaded https://repo1.maven.org/maven2/org/scala-lang/scala-reflect/2.13.0/scala-reflect-2.13.0.jar
ERROR Downloaded https://repo1.maven.org/maven2/org/scala-lang/scala-compiler/2.13.0/scala-compiler-2.13.0.jar
ERROR Downloaded https://repo1.maven.org/maven2/org/scala-lang/scala-library/2.13.0/scala-library-2.13.0.jar
INFO  [success] Generated .bloop/example.json
INFO  [success] Generated .bloop/example-test.json
INFO  [success] Total time: 160 s, completed Feb 21, 2020 12:56:12 AM
INFO  build tool exit: 0
INFO  time: ran 'sbt bloopInstall' in 5m33s
Starting the bsp launcher for bloop...
Opening a bsp server connection with 'bsp --protocol local --socket /var/folders/s3/qkwxrnj12r928pzhk_llnqf00000gn/T/bsp-launcher6135935433976423637/bsp.socket'...
Waiting for the bsp connection to come up...
Waiting for the bsp connection to come up...
Waiting for the bsp connection to come up...
Feb 21, 2020 12:56:15 AM org.eclipse.lsp4j.jsonrpc.services.GenericEndpoint notify
INFO: Unsupported notification method: $/setTraceNotification
Waiting for the bsp connection to come up...
Waiting for the bsp connection to come up...
Waiting for the bsp connection to come up...
Waiting for the bsp connection to come up...
Waiting for the bsp connection to come up...
Waiting for the bsp connection to come up...
Waiting for the bsp connection to come up...
Waiting for the bsp connection to come up...
Waiting for the bsp connection to come up...
Waiting for the bsp connection to come up...
Waiting for the bsp connection to come up...
Waiting for the bsp connection to come up...
Waiting for the bsp connection to come up...
Waiting for the bsp connection to come up...
Waiting for the bsp connection to come up...
Waiting for the bsp connection to come up...
Waiting for the bsp connection to come up...
Waiting for the bsp connection to come up...
Waiting for the bsp connection to come up...
Waiting for the bsp connection to come up...
Waiting for the bsp connection to come up...
Waiting for the bsp connection to come up...
Waiting for the bsp connection to come up...
Waiting for the bsp connection to come up...
Waiting for the bsp connection to come up...
Waiting for the bsp connection to come up...
Waiting for the bsp connection to come up...
Waiting for the bsp connection to come up...
error: Giving up on waiting for a connection, printing embedded bloop logs:
> No server running at 127.0.0.1:8212, let's fire one...
> Resolving ch.epfl.scala:bloop-frontend_2.12:1.4.0-RC1...
error: Trying a tcp-based connection to the server instead...
Opening a bsp server connection with 'bsp --protocol tcp --port 32088'...
Waiting for the bsp connection to come up...
Waiting for the bsp connection to come up...
Waiting for the bsp connection to come up...
Waiting for the bsp connection to come up...
Waiting for the bsp connection to come up...
Waiting for the bsp connection to come up...
Waiting for the bsp connection to come up...
Waiting for the bsp connection to come up...
Waiting for the bsp connection to come up...
Waiting for the bsp connection to come up...
Waiting for the bsp connection to come up...
Waiting for the bsp connection to come up...
Waiting for the bsp connection to come up...
Waiting for the bsp connection to come up...
Waiting for the bsp connection to come up...
Waiting for the bsp connection to come up...
Waiting for the bsp connection to come up...
Waiting for the bsp connection to come up...
Waiting for the bsp connection to come up...
Waiting for the bsp connection to come up...
Waiting for the bsp connection to come up...
Waiting for the bsp connection to come up...
Waiting for the bsp connection to come up...
Waiting for the bsp connection to come up...
Waiting for the bsp connection to come up...
Waiting for the bsp connection to come up...
Waiting for the bsp connection to come up...
Waiting for the bsp connection to come up...
No server running at 127.0.0.1:8212, let's fire one...
Resolving ch.epfl.scala:bloop-frontend_2.12:1.4.0-RC1...
Starting bloop server at 127.0.0.1:8212...
-> Command: List(java, -XX:MaxInlineLevel=20, -XX:+UseParallelGC, -classpath, /Users/imamdigmi/Library/Caches/Coursier/v1/https/repo1.maven.org/maven2/org/scala-lang/scala-library/2.12.10/scala-library-2.12.10.jar:/Users/imamdigmi/Library/Caches/Coursier/v1/https/repo1.maven.org/maven2/net/java/dev/jna/jna/4.5.2/jna-4.5.2.jar:/Users/imamdigmi/Library/Caches/Coursier/v1/https/repo1.maven.org/maven2/net/java/dev/jna/jna-platform/4.5.0/jna-platform-4.5.0.jar:/Users/imamdigmi/Library/Caches/Coursier/v1/https/repo1.maven.org/maven2/ch/epfl/scala/sockets/1.4.0-RC1/sockets-1.4.0-RC1.jar:/Users/imamdigmi/Library/Caches/Coursier/v1/https/repo1.maven.org/maven2/io/circe/circe-numbers_2.12/0.9.3/circe-numbers_2.12-0.9.3.jar:/Users/imamdigmi/Library/Caches/Coursier/v1/https/repo1.maven.org/maven2/org/scala-lang/scala-reflect/2.12.8/scala-reflect-2.12.8.jar:/Users/imamdigmi/Library/Caches/Coursier/v1/https/repo1.maven.org/maven2/org/typelevel/machinist_2.12/0.6.2/machinist_2.12-0.6.2.jar:/Users/imamdigmi/Library/Caches/Coursier/v1/https/repo1.maven.org/maven2/org/typelevel/cats-macros_2.12/1.1.0/cats-macros_2.12-1.1.0.jar:/Users/imamdigmi/Library/Caches/Coursier/v1/https/repo1.maven.org/maven2/org/typelevel/cats-kernel_2.12/1.1.0/cats-kernel_2.12-1.1.0.jar:/Users/imamdigmi/Library/Caches/Coursier/v1/https/repo1.maven.org/maven2/org/typelevel/cats-core_2.12/1.1.0/cats-core_2.12-1.1.0.jar:/Users/imamdigmi/Library/Caches/Coursier/v1/https/repo1.maven.org/maven2/io/circe/circe-core_2.12/0.9.3/circe-core_2.12-0.9.3.jar:/Users/imamdigmi/Library/Caches/Coursier/v1/https/repo1.maven.org/maven2/io/circe/circe-derivation_2.12/0.9.0-M4/circe-derivation_2.12-0.9.0-M4.jar:/Users/imamdigmi/Library/Caches/Coursier/v1/https/repo1.maven.org/maven2/com/outr/scribe-macros_2.12/2.5.0/scribe-macros_2.12-2.5.0.jar:/Users/imamdigmi/Library/Caches/Coursier/v1/https/repo1.maven.org/maven2/com/outr/perfolation-macros_2.12/1.0.2/perfolation-macros_2.12-1.0.2.jar:/Users/imamdigmi/Library/Caches/Coursier/v1/https/repo1.maven.org/maven2/com/outr/perfolation_2.12/1.0.2/perfolation_2.12-1.0.2.jar:/Users/imamdigmi/Library/Caches/Coursier/v1/https/repo1.maven.org/maven2/com/outr/scribe_2.12/2.5.0/scribe_2.12-2.5.0.jar:/Users/imamdigmi/Library/Caches/Coursier/v1/https/repo1.maven.org/maven2/org/spire-math/jawn-parser_2.12/0.11.1/jawn-parser_2.12-0.11.1.jar:/Users/imamdigmi/Library/Caches/Coursier/v1/https/repo1.maven.org/maven2/io/circe/circe-jawn_2.12/0.9.3/circe-jawn_2.12-0.9.3.jar:/Users/imamdigmi/Library/Caches/Coursier/v1/https/repo1.maven.org/maven2/io/circe/circe-parser_2.12/0.9.3/circe-parser_2.12-0.9.3.jar:/Users/imamdigmi/Library/Caches/Coursier/v1/https/repo1.maven.org/maven2/io/monix/monix-types_2.12/2.3.3/monix-types_2.12-2.3.3.jar:/Users/imamdigmi/Library/Caches/Coursier/v1/https/repo1.maven.org/maven2/org/reactivestreams/reactive-streams/1.0.0/reactive-streams-1.0.0.jar:/Users/imamdigmi/Library/Caches/Coursier/v1/https/repo1.maven.org/maven2/io/monix/monix-execution_2.12/2.3.3/monix-execution_2.12-2.3.3.jar:/Users/imamdigmi/Library/Caches/Coursier/v1/https/repo1.maven.org/maven2/io/monix/monix-eval_2.12/2.3.3/monix-eval_2.12-2.3.3.jar:/Users/imamdigmi/Library/Caches/Coursier/v1/https/repo1.maven.org/maven2/org/jctools/jctools-core/2.0.1/jctools-core-2.0.1.jar:/Users/imamdigmi/Library/Caches/Coursier/v1/https/repo1.maven.org/maven2/io/monix/monix-reactive_2.12/2.3.3/monix-reactive_2.12-2.3.3.jar:/Users/imamdigmi/Library/Caches/Coursier/v1/https/repo1.maven.org/maven2/io/monix/monix_2.12/2.3.3/monix_2.12-2.3.3.jar:/Users/imamdigmi/Library/Caches/Coursier/v1/https/repo1.maven.org/maven2/org/scalameta/jsonrpc_2.12/0.2.0/jsonrpc_2.12-0.2.0.jar:/Users/imamdigmi/Library/Caches/Coursier/v1/https/repo1.maven.org/maven2/com/beachape/enumeratum-macros_2.12/1.5.9/enumeratum-macros_2.12-1.5.9.jar:/Users/imamdigmi/Library/Caches/Coursier/v1/https/repo1.maven.org/maven2/com/beachape/enumeratum_2.12/1.5.13/enumeratum_2.12-1.5.13.jar:/Users/imamdigmi/Library/Caches/Coursier/v1/https/repo1.maven.org/maven2/com/beachape/enumeratum-circe_2.12/1.5.17/enumeratum-circe_2.12-1.5.17.jar:/Users/imamdigmi/Library/Caches/Coursier/v1/https/repo1.maven.org/maven2/org/scalameta/lsp4s_2.12/0.2.0/lsp4s_2.12-0.2.0.jar:/Users/imamdigmi/Library/Caches/Coursier/v1/https/repo1.maven.org/maven2/ch/epfl/scala/bsp4s_2.12/2.0.0-M4%2B10-61e61e87/bsp4s_2.12-2.0.0-M4%2B10-61e61e87.jar:/Users/imamdigmi/Library/Caches/Coursier/v1/https/repo1.maven.org/maven2/com/google/protobuf/protobuf-java/3.7.0/protobuf-java-3.7.0.jar:/Users/imamdigmi/Library/Caches/Coursier/v1/https/repo1.maven.org/maven2/org/scala-sbt/util-interface/1.2.2/util-interface-1.2.2.jar:/Users/imamdigmi/Library/Caches/Coursier/v1/https/repo1.maven.org/maven2/ch/epfl/scala/compiler-interface/1.3.0-M4%2B32-b1accb96/compiler-interface-1.3.0-M4%2B32-b1accb96.jar:/Users/imamdigmi/Library/Caches/Coursier/v1/https/repo1.maven.org/maven2/ch/epfl/scala/compiler-bridge_2.12/1.3.0-M4%2B32-b1accb96/compiler-bridge_2.12-1.3.0-M4%2B32-b1accb96.jar:/Users/imamdigmi/Library/Caches/Coursier/v1/https/repo1.maven.org/maven2/com/swoval/apple-file-events/1.3.2/apple-file-events-1.3.2.jar:/Users/imamdigmi/Library/Caches/Coursier/v1/https/repo1.maven.org/maven2/org/scala-sbt/io_2.12/1.2.0/io_2.12-1.2.0.jar:/Users/imamdigmi/Library/Caches/Coursier/v1/https/repo1.maven.org/maven2/com/eed3si9n/sjson-new-core_2.12/0.8.2/sjson-new-core_2.12-0.8.2.jar:/Users/imamdigmi/Library/Caches/Coursier/v1/https/repo1.maven.org/maven2/jline/jline/2.14.4/jline-2.14.4.jar:/Users/imamdigmi/Library/Caches/Coursier/v1/https/repo1.maven.org/maven2/org/apache/logging/log4j/log4j-api/2.8.1/log4j-api-2.8.1.jar:/Users/imamdigmi/Library/Caches/Coursier/v1/https/repo1.maven.org/maven2/org/apache/logging/log4j/log4j-core/2.8.1/log4j-core-2.8.1.jar:/Users/imamdigmi/Library/Caches/Coursier/v1/https/repo1.maven.org/maven2/com/lmax/disruptor/3.3.6/disruptor-3.3.6.jar:/Users/imamdigmi/Library/Caches/Coursier/v1/https/repo1.maven.org/maven2/com/eed3si9n/shaded-scalajson_2.12/1.0.0-M4/shaded-scalajson_2.12-1.0.0-M4.jar:/Users/imamdigmi/Library/Caches/Coursier/v1/https/repo1.maven.org/maven2/com/eed3si9n/sjson-new-scalajson_2.12/0.8.2/sjson-new-scalajson_2.12-0.8.2.jar:/Users/imamdigmi/Library/Caches/Coursier/v1/https/repo1.maven.org/maven2/org/scala-sbt/util-logging_2.12/1.2.2/util-logging_2.12-1.2.2.jar:/Users/imamdigmi/Library/Caches/Coursier/v1/https/repo1.maven.org/maven2/ch/epfl/scala/zinc-classfile_2.12/1.3.0-M4%2B32-b1accb96/zinc-classfile_2.12-1.3.0-M4%2B32-b1accb96.jar:/Users/imamdigmi/Library/Caches/Coursier/v1/https/repo1.maven.org/maven2/ch/epfl/scala/zinc-apiinfo_2.12/1.3.0-M4%2B32-b1accb96/zinc-apiinfo_2.12-1.3.0-M4%2B32-b1accb96.jar:/Users/imamdigmi/Library/Caches/Coursier/v1/https/repo1.maven.org/maven2/org/scala-lang/modules/scala-xml_2.12/1.2.0/scala-xml_2.12-1.2.0.jar:/Users/imamdigmi/Library/Caches/Coursier/v1/https/repo1.maven.org/maven2/org/scala-lang/scala-compiler/2.12.8/scala-compiler-2.12.8.jar:/Users/imamdigmi/Library/Caches/Coursier/v1/https/repo1.maven.org/maven2/org/scala-sbt/launcher-interface/1.0.0/launcher-interface-1.0.0.jar:/Users/imamdigmi/Library/Caches/Coursier/v1/https/repo1.maven.org/maven2/ch/epfl/scala/zinc-classpath_2.12/1.3.0-M4%2B32-b1accb96/zinc-classpath_2.12-1.3.0-M4%2B32-b1accb96.jar:/Users/imamdigmi/Library/Caches/Coursier/v1/https/repo1.maven.org/maven2/com/thesamet/scalapb/lenses_2.12/0.8.0-RC1/lenses_2.12-0.8.0-RC1.jar:/Users/imamdigmi/Library/Caches/Coursier/v1/https/repo1.maven.org/maven2/com/lihaoyi/sourcecode_2.12/0.1.4/sourcecode_2.12-0.1.4.jar:/Users/imamdigmi/Library/Caches/Coursier/v1/https/repo1.maven.org/maven2/com/lihaoyi/fastparse-utils_2.12/1.0.0/fastparse-utils_2.12-1.0.0.jar:/Users/imamdigmi/Library/Caches/Coursier/v1/https/repo1.maven.org/maven2/com/lihaoyi/fastparse_2.12/1.0.0/fastparse_2.12-1.0.0.jar:/Users/imamdigmi/Library/Caches/Coursier/v1/https/repo1.maven.org/maven2/com/thesamet/scalapb/scalapb-runtime_2.12/0.8.0-RC1/scalapb-runtime_2.12-0.8.0-RC1.jar:/Users/imamdigmi/Library/Caches/Coursier/v1/https/repo1.maven.org/maven2/org/scala-sbt/util-relation_2.12/1.2.2/util-relation_2.12-1.2.2.jar:/Users/imamdigmi/Library/Caches/Coursier/v1/https/repo1.maven.org/maven2/ch/epfl/scala/zinc-core_2.12/1.3.0-M4%2B32-b1accb96/zinc-core_2.12-1.3.0-M4%2B32-b1accb96.jar:/Users/imamdigmi/Library/Caches/Coursier/v1/https/repo1.maven.org/maven2/org/scala-sbt/sbinary_2.12/0.5.0/sbinary_2.12-0.5.0.jar:/Users/imamdigmi/Library/Caches/Coursier/v1/https/repo1.maven.org/maven2/ch/epfl/scala/zinc-persist_2.12/1.3.0-M4%2B32-b1accb96/zinc-persist_2.12-1.3.0-M4%2B32-b1accb96.jar:/Users/imamdigmi/Library/Caches/Coursier/v1/https/repo1.maven.org/maven2/org/scala-lang/modules/scala-parser-combinators_2.12/1.0.5/scala-parser-combinators_2.12-1.0.5.jar:/Users/imamdigmi/Library/Caches/Coursier/v1/https/repo1.maven.org/maven2/org/scala-sbt/util-control_2.12/1.2.2/util-control_2.12-1.2.2.jar:/Users/imamdigmi/Library/Caches/Coursier/v1/https/repo1.maven.org/maven2/ch/epfl/scala/zinc-compile-core_2.12/1.3.0-M4%2B32-b1accb96/zinc-compile-core_2.12-1.3.0-M4%2B32-b1accb96.jar:/Users/imamdigmi/Library/Caches/Coursier/v1/https/repo1.maven.org/maven2/ch/epfl/scala/zinc_2.12/1.3.0-M4%2B32-b1accb96/zinc_2.12-1.3.0-M4%2B32-b1accb96.jar:/Users/imamdigmi/Library/Caches/Coursier/v1/https/repo1.maven.org/maven2/net/jpountz/lz4/lz4/1.3.0/lz4-1.3.0.jar:/Users/imamdigmi/Library/Caches/Coursier/v1/https/repo1.maven.org/maven2/io/github/soc/directories/10/directories-10.jar:/Users/imamdigmi/Library/Caches/Coursier/v1/https/repo1.maven.org/maven2/org/scala-sbt/test-interface/1.0/test-interface-1.0.jar:/Users/imamdigmi/Library/Caches/Coursier/v1/https/repo1.maven.org/maven2/org/scala-sbt/test-agent/1.2.8/test-agent-1.2.8.jar:/Users/imamdigmi/Library/Caches/Coursier/v1/https/repo1.maven.org/maven2/ch/epfl/scala/bloop-shared_2.12/1.4.0-RC1/bloop-shared_2.12-1.4.0-RC1.jar:/Users/imamdigmi/Library/Caches/Coursier/v1/https/repo1.maven.org/maven2/com/googlecode/java-diff-utils/diffutils/1.3.0/diffutils-1.3.0.jar:/Users/imamdigmi/Library/Caches/Coursier/v1/https/repo1.maven.org/maven2/com/lihaoyi/fansi_2.12/0.2.5/fansi_2.12-0.2.5.jar:/Users/imamdigmi/Library/Caches/Coursier/v1/https/repo1.maven.org/maven2/com/lihaoyi/pprint_2.12/0.5.3/pprint_2.12-0.5.3.jar:/Users/imamdigmi/Library/Caches/Coursier/v1/https/repo1.maven.org/maven2/org/apache/commons/commons-lang3/3.6/commons-lang3-3.6.jar:/Users/imamdigmi/Library/Caches/Coursier/v1/https/repo1.maven.org/maven2/com/google/code/gson/gson/2.7/gson-2.7.jar:/Users/imamdigmi/Library/Caches/Coursier/v1/https/repo1.maven.org/maven2/io/reactivex/rxjava2/rxjava/2.1.1/rxjava-2.1.1.jar:/Users/imamdigmi/Library/Caches/Coursier/v1/https/repo1.maven.org/maven2/commons-io/commons-io/2.5/commons-io-2.5.jar:/Users/imamdigmi/Library/Caches/Coursier/v1/https/repo1.maven.org/maven2/ch/epfl/scala/com-microsoft-java-debug-core/0.21.0%2B1-7f1080f1/com-microsoft-java-debug-core-0.21.0%2B1-7f1080f1.jar:/Users/imamdigmi/Library/Caches/Coursier/v1/https/repo1.maven.org/maven2/org/slf4j/slf4j-api/1.7.26/slf4j-api-1.7.26.jar:/Users/imamdigmi/Library/Caches/Coursier/v1/https/repo1.maven.org/maven2/ch/epfl/scala/nailgun-server/ee3c4343/nailgun-server-ee3c4343.jar:/Users/imamdigmi/Library/Caches/Coursier/v1/https/repo1.maven.org/maven2/org/scalaz/scalaz-core_2.12/7.2.20/scalaz-core_2.12-7.2.20.jar:/Users/imamdigmi/Library/Caches/Coursier/v1/https/repo1.maven.org/maven2/org/scalaz/scalaz-effect_2.12/7.2.20/scalaz-effect_2.12-7.2.20.jar:/Users/imamdigmi/Library/Caches/Coursier/v1/https/repo1.maven.org/maven2/org/scalaz/scalaz-concurrent_2.12/7.2.20/scalaz-concurrent_2.12-7.2.20.jar:/Users/imamdigmi/Library/Caches/Coursier/v1/https/repo1.maven.org/maven2/io/get-coursier/coursier-util_2.12/2.0.0-RC3-4/coursier-util_2.12-2.0.0-RC3-4.jar:/Users/imamdigmi/Library/Caches/Coursier/v1/https/repo1.maven.org/maven2/io/get-coursier/coursier-core_2.12/2.0.0-RC3-4/coursier-core_2.12-2.0.0-RC3-4.jar:/Users/imamdigmi/Library/Caches/Coursier/v1/https/repo1.maven.org/maven2/io/get-coursier/coursier-cache_2.12/2.0.0-RC3-4/coursier-cache_2.12-2.0.0-RC3-4.jar:/Users/imamdigmi/Library/Caches/Coursier/v1/https/repo1.maven.org/maven2/io/argonaut/argonaut_2.12/6.2.3/argonaut_2.12-6.2.3.jar:/Users/imamdigmi/Library/Caches/Coursier/v1/https/repo1.maven.org/maven2/org/typelevel/macro-compat_2.12/1.1.1/macro-compat_2.12-1.1.1.jar:/Users/imamdigmi/Library/Caches/Coursier/v1/https/repo1.maven.org/maven2/com/chuusai/shapeless_2.12/2.3.3/shapeless_2.12-2.3.3.jar:/Users/imamdigmi/Library/Caches/Coursier/v1/https/repo1.maven.org/maven2/com/github/alexarchambault/argonaut-shapeless_6.2_2.12/1.2.0-M11/argonaut-shapeless_6.2_2.12-1.2.0-M11.jar:/Users/imamdigmi/Library/Caches/Coursier/v1/https/repo1.maven.org/maven2/io/get-coursier/coursier_2.12/2.0.0-RC3-4/coursier_2.12-2.0.0-RC3-4.jar:/Users/imamdigmi/Library/Caches/Coursier/v1/https/repo1.maven.org/maven2/com/jcraft/jsch/0.1.46/jsch-0.1.46.jar:/Users/imamdigmi/Library/Caches/Coursier/v1/https/repo1.maven.org/maven2/com/typesafe/config/1.2.0/config-1.2.0.jar:/Users/imamdigmi/Library/Caches/Coursier/v1/https/repo1.maven.org/maven2/com/typesafe/ssl-config-core_2.12/0.2.2/ssl-config-core_2.12-0.2.2.jar:/Users/imamdigmi/Library/Caches/Coursier/v1/https/repo1.maven.org/maven2/com/eed3si9n/gigahorse-core_2.12/0.3.0/gigahorse-core_2.12-0.3.0.jar:/Users/imamdigmi/Library/Caches/Coursier/v1/https/repo1.maven.org/maven2/com/squareup/okio/okio/1.12.0/okio-1.12.0.jar:/Users/imamdigmi/Library/Caches/Coursier/v1/https/repo1.maven.org/maven2/com/squareup/okhttp3/okhttp/3.7.0/okhttp-3.7.0.jar:/Users/imamdigmi/Library/Caches/Coursier/v1/https/repo1.maven.org/maven2/com/eed3si9n/gigahorse-okhttp_2.12/0.3.0/gigahorse-okhttp_2.12-0.3.0.jar:/Users/imamdigmi/Library/Caches/Coursier/v1/https/repo1.maven.org/maven2/com/squareup/okhttp3/okhttp-urlconnection/3.7.0/okhttp-urlconnection-3.7.0.jar:/Users/imamdigmi/Library/Caches/Coursier/v1/https/repo1.maven.org/maven2/org/scala-sbt/util-position_2.12/1.0.0/util-position_2.12-1.0.0.jar:/Users/imamdigmi/Library/Caches/Coursier/v1/https/repo1.maven.org/maven2/com/eed3si9n/sjson-new-murmurhash_2.12/0.8.0/sjson-new-murmurhash_2.12-0.8.0.jar:/Users/imamdigmi/Library/Caches/Coursier/v1/https/repo1.maven.org/maven2/org/scala-sbt/util-cache_2.12/1.0.0/util-cache_2.12-1.0.0.jar:/Users/imamdigmi/Library/Caches/Coursier/v1/https/repo1.maven.org/maven2/org/scala-sbt/librarymanagement-core_2.12/1.0.0/librarymanagement-core_2.12-1.0.0.jar:/Users/imamdigmi/Library/Caches/Coursier/v1/https/repo1.maven.org/maven2/org/scala-sbt/ivy/ivy/2.3.0-sbt-a3314352b638afbf0dca19f127e8263ed6f898bd/ivy-2.3.0-sbt-a3314352b638afbf0dca19f127e8263ed6f898bd.jar:/Users/imamdigmi/Library/Caches/Coursier/v1/https/repo1.maven.org/maven2/org/scala-sbt/librarymanagement-ivy_2.12/1.0.0/librarymanagement-ivy_2.12-1.0.0.jar:/Users/imamdigmi/Library/Caches/Coursier/v1/https/repo1.maven.org/maven2/ch/epfl/scala/directory-watcher/0.8.0%2B6-f651bd93/directory-watcher-0.8.0%2B6-f651bd93.jar:/Users/imamdigmi/Library/Caches/Coursier/v1/https/repo1.maven.org/maven2/org/zeroturnaround/zt-zip/1.13/zt-zip-1.13.jar:/Users/imamdigmi/Library/Caches/Coursier/v1/https/repo1.maven.org/maven2/io/zipkin/zipkin2/zipkin/2.12.1/zipkin-2.12.1.jar:/Users/imamdigmi/Library/Caches/Coursier/v1/https/repo1.maven.org/maven2/io/zipkin/reporter2/zipkin-reporter/2.7.15/zipkin-reporter-2.7.15.jar:/Users/imamdigmi/Library/Caches/Coursier/v1/https/repo1.maven.org/maven2/io/zipkin/brave/brave/5.6.1/brave-5.6.1.jar:/Users/imamdigmi/Library/Caches/Coursier/v1/https/repo1.maven.org/maven2/io/zipkin/reporter2/zipkin-sender-urlconnection/2.7.15/zipkin-sender-urlconnection-2.7.15.jar:/Users/imamdigmi/Library/Caches/Coursier/v1/https/repo1.maven.org/maven2/org/ow2/asm/asm/7.0/asm-7.0.jar:/Users/imamdigmi/Library/Caches/Coursier/v1/https/repo1.maven.org/maven2/org/ow2/asm/asm-tree/7.0/asm-tree-7.0.jar:/Users/imamdigmi/Library/Caches/Coursier/v1/https/repo1.maven.org/maven2/org/ow2/asm/asm-analysis/7.0/asm-analysis-7.0.jar:/Users/imamdigmi/Library/Caches/Coursier/v1/https/repo1.maven.org/maven2/org/ow2/asm/asm-util/7.0/asm-util-7.0.jar:/Users/imamdigmi/Library/Caches/Coursier/v1/https/repo1.maven.org/maven2/ch/epfl/scala/bloop-backend_2.12/1.4.0-RC1/bloop-backend_2.12-1.4.0-RC1.jar:/Users/imamdigmi/Library/Caches/Coursier/v1/https/repo1.maven.org/maven2/com/github/plokhotnyuk/jsoniter-scala/jsoniter-scala-core_2.12/2.0.4/jsoniter-scala-core_2.12-2.0.4.jar:/Users/imamdigmi/Library/Caches/Coursier/v1/https/repo1.maven.org/maven2/ch/epfl/scala/bloop-config_2.12/1.4.0-RC1/bloop-config_2.12-1.4.0-RC1.jar:/Users/imamdigmi/Library/Caches/Coursier/v1/https/repo1.maven.org/maven2/ch/epfl/scala/case-app-annotations_2.12/1.2.0-faster-compile-time/case-app-annotations_2.12-1.2.0-faster-compile-time.jar:/Users/imamdigmi/Library/Caches/Coursier/v1/https/repo1.maven.org/maven2/ch/epfl/scala/case-app-util_2.12/1.2.0-faster-compile-time/case-app-util_2.12-1.2.0-faster-compile-time.jar:/Users/imamdigmi/Library/Caches/Coursier/v1/https/repo1.maven.org/maven2/ch/epfl/scala/case-app_2.12/1.2.0-faster-compile-time/case-app_2.12-1.2.0-faster-compile-time.jar:/Users/imamdigmi/Library/Caches/Coursier/v1/https/repo1.maven.org/maven2/com/zaxxer/nuprocess/1.2.4/nuprocess-1.2.4.jar:/Users/imamdigmi/Library/Caches/Coursier/v1/https/repo1.maven.org/maven2/ch/epfl/scala/bloop-frontend_2.12/1.4.0-RC1/bloop-frontend_2.12-1.4.0-RC1.jar, bloop.Server, 8212)
Attempting a connection to the server...
Attempting a connection to the server...
Attempting a connection to the server...
Attempting a connection to the server...
Attempting a connection to the server...
[0m[32m[D][0m Loading 2 projects from '/Users/imamdigmi/Code/scala/example/.bloop'...
[0m[32m[D][0m Loading project from '/Users/imamdigmi/Code/scala/example/.bloop/example-test.json'
[0m[32m[D][0m Loading project from '/Users/imamdigmi/Code/scala/example/.bloop/example.json'
[0m[32m[D][0m Cache miss for scala instance org.scala-lang:scala-compiler:2.13.0.
[0m[32m[D][0m   => /Users/imamdigmi/Library/Caches/Coursier/v1/https/repo1.maven.org/maven2/jline/jline/2.14.6/jline-2.14.6.jar
[0m[32m[D][0m   => /Users/imamdigmi/Library/Caches/Coursier/v1/https/repo1.maven.org/maven2/org/scala-lang/scala-compiler/2.13.0/scala-compiler-2.13.0.jar
[0m[32m[D][0m   => /Users/imamdigmi/Library/Caches/Coursier/v1/https/repo1.maven.org/maven2/org/scala-lang/scala-compiler/2.13.0/scala-compiler-2.13.0.jar
[0m[32m[D][0m   => /Users/imamdigmi/Library/Caches/Coursier/v1/https/repo1.maven.org/maven2/org/scala-lang/scala-library/2.13.0/scala-library-2.13.0.jar
[0m[32m[D][0m   => /Users/imamdigmi/Library/Caches/Coursier/v1/https/repo1.maven.org/maven2/org/scala-lang/scala-library/2.13.0/scala-library-2.13.0.jar
[0m[32m[D][0m   => /Users/imamdigmi/Library/Caches/Coursier/v1/https/repo1.maven.org/maven2/org/scala-lang/scala-reflect/2.13.0/scala-reflect-2.13.0.jar
[0m[32m[D][0m Missing analysis file for project 'example'
[0m[32m[D][0m Missing analysis file for project 'example-test'
[0m[32m[D][0m Waiting for a connection at 127.0.0.1:32088...
The server is listening for incoming connections at tcp://127.0.0.1:32088...
Starting thread that pumps stdin and redirects it to the bsp server...
Starting thread that pumps server stdout and redirects it to the client stdout...
INFO  tracing is disabled for protocol BSP, to enable tracing of incoming and outgoing JSON messages create an empty file at /Users/imamdigmi/Library/Caches/org.scalameta.metals/bsp.trace.json
ERROR Timeout waiting for 'build/initialize' response
ERROR Failed to connect with build server, no functionality will work.
java.util.concurrent.TimeoutException
	at java.util.concurrent.CompletableFuture.timedGet(CompletableFuture.java:1784)
	at java.util.concurrent.CompletableFuture.get(CompletableFuture.java:1928)
	at scala.meta.internal.metals.BuildServerConnection$.initialize(BuildServerConnection.scala:259)
	at scala.meta.internal.metals.BuildServerConnection$.$anonfun$fromSockets$1(BuildServerConnection.scala:203)
	at scala.util.Success.$anonfun$map$1(Try.scala:255)
	at scala.util.Success.map(Try.scala:213)
	at scala.concurrent.Future.$anonfun$map$1(Future.scala:292)
	at scala.concurrent.impl.Promise.liftedTree1$1(Promise.scala:33)
	at scala.concurrent.impl.Promise.$anonfun$transform$1(Promise.scala:33)
	at scala.concurrent.impl.CallbackRunnable.run(Promise.scala:64)
	at java.util.concurrent.ThreadPoolExecutor.runWorker(ThreadPoolExecutor.java:1149)
	at java.util.concurrent.ThreadPoolExecutor$Worker.run(ThreadPoolExecutor.java:624)
	at java.lang.Thread.run(Thread.java:748)

WARN  no build target for: /Users/imamdigmi/Code/scala/example/src/main/scala/example/Lists.scala
WARN  code navigation does not work for the file '/Users/imamdigmi/Code/scala/example/src/main/scala/example/Lists.scala' because it doesn't belong to a build target.
WARN  code navigation does not work for the file '/Users/imamdigmi/Code/scala/example/src/main/scala/example/Lists.scala' because it doesn't belong to a build target.
WARN  code navigation does not work for the file '/Users/imamdigmi/Code/scala/example/src/main/scala/example/Lists.scala' because it doesn't belong to a build target.
WARN  code navigation does not work for the file '/Users/imamdigmi/Code/scala/example/src/main/scala/example/Lists.scala' because it doesn't belong to a build target.
WARN  no build target for: /Users/imamdigmi/Code/scala/example/src/main/scala/example/Lists.scala
WARN  no build target for: /Users/imamdigmi/Code/scala/example/src/main/scala/example/Lists.scala
WARN  code navigation does not work for the file '/Users/imamdigmi/Code/scala/example/src/test/scala/example/ListsSuite.scala' because it doesn't belong to a build target.
WARN  code navigation does not work for the file '/Users/imamdigmi/Code/scala/example/src/test/scala/example/ListsSuite.scala' because it doesn't belong to a build target.
WARN  code navigation does not work for the file '/Users/imamdigmi/Code/scala/example/src/test/scala/example/ListsSuite.scala' because it doesn't belong to a build target.
WARN  code navigation does not work for the file '/Users/imamdigmi/Code/scala/example/src/test/scala/example/ListsSuite.scala' because it doesn't belong to a build target.
WARN  code navigation does not work for the file '/Users/imamdigmi/Code/scala/example/src/main/scala/example/Lists.scala' because it doesn't belong to a build target.
WARN  code navigation does not work for the file '/Users/imamdigmi/Code/scala/example/src/main/scala/example/Lists.scala' because it doesn't belong to a build target.
WARN  no build target for: /Users/imamdigmi/Code/scala/example/src/main/scala/example/Main.scala
WARN  no build target for: /Users/imamdigmi/Code/scala/example/src/main/scala/example/Main.scala
WARN  no build target for: /Users/imamdigmi/Code/scala/example/src/test/scala/example/ListsSuite.scala
WARN  code navigation does not work for the file '/Users/imamdigmi/Code/scala/example/src/test/scala/example/ListsSuite.scala' because it doesn't belong to a build target.
WARN  code navigation does not work for the file '/Users/imamdigmi/Code/scala/example/src/test/scala/example/ListsSuite.scala' because it doesn't belong to a build target.
WARN  no build target for: /Users/imamdigmi/Code/scala/example/src/main/scala/example/Main.scala
WARN  no build target for: /Users/imamdigmi/Code/scala/example/src/main/scala/example/Main.scala
WARN  no build target for: /Users/imamdigmi/Code/scala/example/src/main/scala/example/Main.scala
WARN  code navigation does not work for the file '/Users/imamdigmi/Code/scala/example/src/main/scala/example/Main.scala' because it doesn't belong to a build target.
WARN  code navigation does not work for the file '/Users/imamdigmi/Code/scala/example/src/main/scala/example/Main.scala' because it doesn't belong to a build target.
WARN  code navigation does not work for the file '/Users/imamdigmi/Code/scala/example/src/main/scala/example/Main.scala' because it doesn't belong to a build target.
WARN  code navigation does not work for the file '/Users/imamdigmi/Code/scala/example/src/main/scala/example/Main.scala' because it doesn't belong to a build target.
WARN  code navigation does not work for the file '/Users/imamdigmi/Code/scala/example/src/main/scala/example/Main.scala' because it doesn't belong to a build target.
WARN  code navigation does not work for the file '/Users/imamdigmi/Code/scala/example/src/main/scala/example/Main.scala' because it doesn't belong to a build target.
WARN  code navigation does not work for the file '/Users/imamdigmi/Code/scala/example/src/main/scala/example/Main.scala' because it doesn't belong to a build target.
WARN  code navigation does not work for the file '/Users/imamdigmi/Code/scala/example/src/main/scala/example/Main.scala' because it doesn't belong to a build target.
WARN  code navigation does not work for the file '/Users/imamdigmi/Code/scala/example/src/main/scala/example/Main.scala' because it doesn't belong to a build target.
WARN  code navigation does not work for the file '/Users/imamdigmi/Code/scala/example/src/main/scala/example/Main.scala' because it doesn't belong to a build target.
WARN  no build target for: /Users/imamdigmi/Code/scala/example/src/test/scala/example/ListsSuite.scala
WARN  code navigation does not work for the file '/Users/imamdigmi/Code/scala/example/src/test/scala/example/ListsSuite.scala' because it doesn't belong to a build target.
WARN  code navigation does not work for the file '/Users/imamdigmi/Code/scala/example/src/test/scala/example/ListsSuite.scala' because it doesn't belong to a build target.
INFO  shutting down Metals
